<?xml version="1.0" encoding="UTF-8"?>
<!-- Generated by org.testng.reporters.JUnitReportReporter -->
<testsuite hostname="hp" name="TestNGCode.Phptravels" tests="4" failures="0" timestamp="26 Jul 2020 15:17:14 GMT" time="1.054" errors="0">
  <testcase name="validateSignupButton" time="0.065" classname="TestNGCode.Phptravels"/>
  <testcase name="getUrl" time="0.018" classname="TestNGCode.Phptravels"/>
  <testcase name="getDriver" time="0.019" classname="TestNGCode.Phptravels"/>
  <testcase name="PhpSignupTest" time="0.952" classname="TestNGCode.Phptravels"/>
</testsuite> <!-- TestNGCode.Phptravels -->
