<?xml version="1.0" encoding="UTF-8"?>
<!-- Generated by org.testng.reporters.JUnitReportReporter -->
<testsuite hostname="hp" name="TestNGCode.YahooTestNG" tests="4" failures="0" timestamp="13 Aug 2020 20:46:54 GMT" time="1.001" errors="0">
  <testcase name="ValidateUrlTile" time="0.048" classname="TestNGCode.YahooTestNG"/>
  <testcase name="ValidateTitle" time="0.007" classname="TestNGCode.YahooTestNG"/>
  <testcase name="YahooSignUpTest" time="0.939" classname="TestNGCode.YahooTestNG"/>
  <testcase name="validateURl" time="0.007" classname="TestNGCode.YahooTestNG"/>
</testsuite> <!-- TestNGCode.YahooTestNG -->
