<?xml version="1.0" encoding="UTF-8"?>
<!-- Generated by org.testng.reporters.JUnitReportReporter -->
<testsuite hostname="hp" name="TestNGCode.AmazonSignup1" tests="8" failures="0" timestamp="21 Aug 2020 20:08:02 GMT" time="1.461" errors="0">
  <testcase name="validateUrl" time="0.008" classname="TestNGCode.AmazonSignup1"/>
  <testcase name="validateTitlePage" time="0.007" classname="TestNGCode.AmazonSignup1"/>
  <testcase name="AmazonSignDataEnter" time="0.646" classname="TestNGCode.AmazonSignup1"/>
  <testcase name="CreatAccountButtonOperation" time="0.059" classname="TestNGCode.AmazonSignup1"/>
  <testcase name="validateTitlePage" time="0.010" classname="TestNGCode.AmazonSignup1"/>
  <testcase name="AmazonSignDataEnter" time="0.652" classname="TestNGCode.AmazonSignup1"/>
  <testcase name="CreatAccountButtonOperation" time="0.069" classname="TestNGCode.AmazonSignup1"/>
  <testcase name="validateUrl" time="0.010" classname="TestNGCode.AmazonSignup1"/>
</testsuite> <!-- TestNGCode.AmazonSignup1 -->
