<?xml version="1.0" encoding="UTF-8"?>
<!-- Generated by org.testng.reporters.JUnitReportReporter -->
<testsuite hostname="hp" name="TestNGCode.Phptravels" tests="4" failures="0" timestamp="12 Aug 2020 19:54:22 GMT" time="1.138" errors="0">
  <testcase name="validateSignupButton" time="0.075" classname="TestNGCode.Phptravels"/>
  <testcase name="PhpSignupTest" time="1.035" classname="TestNGCode.Phptravels"/>
  <testcase name="getUrl" time="0.019" classname="TestNGCode.Phptravels"/>
  <testcase name="getDriver" time="0.009" classname="TestNGCode.Phptravels"/>
</testsuite> <!-- TestNGCode.Phptravels -->
