<?xml version="1.0" encoding="UTF-8"?>
<!-- Generated by org.testng.reporters.JUnitReportReporter -->
<testsuite hostname="hp" name="TestNGCode.Phptravels" tests="4" failures="0" timestamp="13 Aug 2020 20:46:54 GMT" time="0.965" errors="0">
  <testcase name="getDriver" time="0.008" classname="TestNGCode.Phptravels"/>
  <testcase name="PhpSignupTest" time="0.887" classname="TestNGCode.Phptravels"/>
  <testcase name="getUrl" time="0.014" classname="TestNGCode.Phptravels"/>
  <testcase name="validateSignupButton" time="0.056" classname="TestNGCode.Phptravels"/>
</testsuite> <!-- TestNGCode.Phptravels -->
