<?xml version="1.0" encoding="UTF-8"?>
<!-- Generated by org.testng.reporters.JUnitReportReporter -->
<testsuite hostname="hp" name="TestNGCode.YahooTestNG" tests="4" failures="0" timestamp="12 Aug 2020 19:54:22 GMT" time="1.300" errors="0">
  <testcase name="ValidateTitle" time="0.011" classname="TestNGCode.YahooTestNG"/>
  <testcase name="validateURl" time="0.043" classname="TestNGCode.YahooTestNG"/>
  <testcase name="YahooSignUpTest" time="1.162" classname="TestNGCode.YahooTestNG"/>
  <testcase name="ValidateUrlTile" time="0.084" classname="TestNGCode.YahooTestNG"/>
</testsuite> <!-- TestNGCode.YahooTestNG -->
