<?xml version="1.0" encoding="UTF-8"?>
<!-- Generated by org.testng.reporters.JUnitReportReporter -->
<testsuite hostname="hp" name="TestNGCode.PandoraSignUp2" tests="4" failures="0" timestamp="14 Aug 2020 15:44:22 GMT" time="2.978" errors="0">
  <testcase name="PandoraSignUpTest" time="2.893" classname="TestNGCode.PandoraSignUp2"/>
  <testcase name="ValidateTitle" time="0.008" classname="TestNGCode.PandoraSignUp2"/>
  <testcase name="validateURl" time="0.029" classname="TestNGCode.PandoraSignUp2"/>
  <testcase name="ValidateUrlTile" time="0.048" classname="TestNGCode.PandoraSignUp2"/>
</testsuite> <!-- TestNGCode.PandoraSignUp2 -->
