<?xml version="1.0" encoding="UTF-8"?>
<!-- Generated by org.testng.reporters.JUnitReportReporter -->
<testsuite hostname="hp" name="TestNGCode.UsingTestNG" tests="1" failures="0" timestamp="9 Jul 2020 20:32:05 GMT" time="0.007" errors="0">
  <testcase name="Atest" time="0.007" classname="TestNGCode.UsingTestNG"/>
</testsuite> <!-- TestNGCode.UsingTestNG -->
