<?xml version="1.0" encoding="UTF-8"?>
<!-- Generated by org.testng.reporters.JUnitReportReporter -->
<testsuite hostname="hp" name="TestNGCode.YahooTestNG" tests="4" failures="0" timestamp="21 Aug 2020 20:08:02 GMT" time="1.298" errors="0">
  <testcase name="ValidateUrlTile" time="0.058" classname="TestNGCode.YahooTestNG"/>
  <testcase name="ValidateTitle" time="0.015" classname="TestNGCode.YahooTestNG"/>
  <testcase name="YahooSignUpTest" time="1.219" classname="TestNGCode.YahooTestNG"/>
  <testcase name="validateURl" time="0.006" classname="TestNGCode.YahooTestNG"/>
</testsuite> <!-- TestNGCode.YahooTestNG -->
