<?xml version="1.0" encoding="UTF-8"?>
<!-- Generated by org.testng.reporters.JUnitReportReporter -->
<testsuite hostname="hp" name="TestNGCode.Phptravels" tests="4" failures="0" timestamp="21 Aug 2020 20:08:02 GMT" time="1.564" errors="0">
  <testcase name="getDriver" time="0.015" classname="TestNGCode.Phptravels"/>
  <testcase name="validateSignupButton" time="0.103" classname="TestNGCode.Phptravels"/>
  <testcase name="PhpSignupTest" time="1.421" classname="TestNGCode.Phptravels"/>
  <testcase name="getUrl" time="0.025" classname="TestNGCode.Phptravels"/>
</testsuite> <!-- TestNGCode.Phptravels -->
