<?xml version="1.0" encoding="UTF-8"?>
<!-- Generated by org.testng.reporters.JUnitReportReporter -->
<testsuite hostname="hp" name="TestNGCode.YahooTestNG" tests="4" failures="0" timestamp="26 Jul 2020 15:17:14 GMT" time="1.473" errors="0">
  <testcase name="validateURl" time="0.010" classname="TestNGCode.YahooTestNG"/>
  <testcase name="YahooSignUpTest" time="1.394" classname="TestNGCode.YahooTestNG"/>
  <testcase name="ValidateUrlTile" time="0.059" classname="TestNGCode.YahooTestNG"/>
  <testcase name="ValidateTitle" time="0.010" classname="TestNGCode.YahooTestNG"/>
</testsuite> <!-- TestNGCode.YahooTestNG -->
