<?xml version="1.0" encoding="UTF-8"?>
<!-- Generated by org.testng.reporters.JUnitReportReporter -->
<testsuite hostname="hp" name="TestNGCode.Phptravels" tests="4" failures="0" timestamp="14 Aug 2020 15:44:22 GMT" time="1.144" errors="0">
  <testcase name="getDriver" time="0.013" classname="TestNGCode.Phptravels"/>
  <testcase name="validateSignupButton" time="0.082" classname="TestNGCode.Phptravels"/>
  <testcase name="PhpSignupTest" time="1.041" classname="TestNGCode.Phptravels"/>
  <testcase name="getUrl" time="0.008" classname="TestNGCode.Phptravels"/>
</testsuite> <!-- TestNGCode.Phptravels -->
