<?xml version="1.0" encoding="UTF-8"?>
<!-- Generated by org.testng.reporters.JUnitReportReporter -->
<testsuite hostname="hp" name="TestNGCode.PandoraSignUp2" tests="4" failures="0" timestamp="12 Aug 2020 19:54:22 GMT" time="1.528" errors="0">
  <testcase name="PandoraSignUpTest" time="1.448" classname="TestNGCode.PandoraSignUp2"/>
  <testcase name="validateURl" time="0.020" classname="TestNGCode.PandoraSignUp2"/>
  <testcase name="ValidateUrlTile" time="0.050" classname="TestNGCode.PandoraSignUp2"/>
  <testcase name="ValidateTitle" time="0.010" classname="TestNGCode.PandoraSignUp2"/>
</testsuite> <!-- TestNGCode.PandoraSignUp2 -->
