<?xml version="1.0" encoding="UTF-8"?>
<!-- Generated by org.testng.reporters.JUnitReportReporter -->
<testsuite hostname="hp" name="TestNGCode.PandoraSignUp2" tests="4" failures="0" timestamp="26 Jul 2020 15:17:14 GMT" time="2.491" errors="0">
  <testcase name="ValidateUrlTile" time="0.053" classname="TestNGCode.PandoraSignUp2"/>
  <testcase name="validateURl" time="0.016" classname="TestNGCode.PandoraSignUp2"/>
  <testcase name="ValidateTitle" time="0.009" classname="TestNGCode.PandoraSignUp2"/>
  <testcase name="PandoraSignUpTest" time="2.413" classname="TestNGCode.PandoraSignUp2"/>
</testsuite> <!-- TestNGCode.PandoraSignUp2 -->
