<?xml version="1.0" encoding="UTF-8"?>
<!-- Generated by org.testng.reporters.JUnitReportReporter -->
<testsuite hostname="hp" name="TestNGCode.PandoraSignUp2" tests="4" failures="0" timestamp="13 Aug 2020 20:46:54 GMT" time="1.216" errors="0">
  <testcase name="ValidateUrlTile" time="0.048" classname="TestNGCode.PandoraSignUp2"/>
  <testcase name="ValidateTitle" time="0.007" classname="TestNGCode.PandoraSignUp2"/>
  <testcase name="validateURl" time="0.062" classname="TestNGCode.PandoraSignUp2"/>
  <testcase name="PandoraSignUpTest" time="1.099" classname="TestNGCode.PandoraSignUp2"/>
</testsuite> <!-- TestNGCode.PandoraSignUp2 -->
