<?xml version="1.0" encoding="UTF-8"?>
<!-- Generated by org.testng.reporters.JUnitReportReporter -->
<testsuite hostname="hp" name="TestNGCode.AmazonSignup1" tests="8" failures="0" timestamp="14 Aug 2020 15:44:22 GMT" time="1.406" errors="0">
  <testcase name="validateUrl" time="0.011" classname="TestNGCode.AmazonSignup1"/>
  <testcase name="validateTitlePage" time="0.007" classname="TestNGCode.AmazonSignup1"/>
  <testcase name="AmazonSignDataEnter" time="0.644" classname="TestNGCode.AmazonSignup1"/>
  <testcase name="CreatAccountButtonOperation" time="0.054" classname="TestNGCode.AmazonSignup1"/>
  <testcase name="validateTitlePage" time="0.009" classname="TestNGCode.AmazonSignup1"/>
  <testcase name="AmazonSignDataEnter" time="0.612" classname="TestNGCode.AmazonSignup1"/>
  <testcase name="CreatAccountButtonOperation" time="0.060" classname="TestNGCode.AmazonSignup1"/>
  <testcase name="validateUrl" time="0.009" classname="TestNGCode.AmazonSignup1"/>
</testsuite> <!-- TestNGCode.AmazonSignup1 -->
